This file contains any messages produced by compilers while
running configure, to aid debugging if configure makes a mistake.

It was created by MK Livestatus configure 1.5.0p23, which was
generated by GNU Autoconf 2.69.  Invocation command line was

  $ ./configure --with-nagios4

## --------- ##
## Platform. ##
## --------- ##

hostname = seven3
uname -m = x86_64
uname -r = 3.10.0-957.el7.x86_64
uname -s = Linux
uname -v = #1 SMP Thu Nov 8 23:39:32 UTC 2018

/usr/bin/uname -p = x86_64
/bin/uname -X     = unknown

/bin/arch              = x86_64
/usr/bin/arch -k       = unknown
/usr/convex/getsysinfo = unknown
/usr/bin/hostinfo      = unknown
/bin/machine           = unknown
/usr/bin/oslevel       = unknown
/bin/universe          = unknown

PATH: /opt/rh/devtoolset-7/root/usr/bin
PATH: /usr/local/sbin
PATH: /usr/local/bin
PATH: /usr/sbin
PATH: /usr/bin
PATH: /root/bin


## ----------- ##
## Core tests. ##
## ----------- ##

configure:2663: checking for a BSD-compatible install
configure:2731: result: /usr/bin/install -c
configure:2742: checking whether build environment is sane
configure:2797: result: yes
configure:2943: checking for a thread-safe mkdir -p
configure:2982: result: /usr/bin/mkdir -p
configure:2989: checking for gawk
configure:3005: found /usr/bin/gawk
configure:3016: result: gawk
configure:3027: checking whether make sets $(MAKE)
configure:3049: result: yes
configure:3078: checking whether make supports nested variables
configure:3095: result: yes
configure:3312: checking for gcc-9
configure:3342: result: no
configure:3312: checking for clang-8
configure:3342: result: no
configure:3312: checking for gcc-8
configure:3342: result: no
configure:3312: checking for clang-7
configure:3342: result: no
configure:3312: checking for gcc-7
configure:3342: result: no
configure:3312: checking for clang-6.0
configure:3342: result: no
configure:3312: checking for clang-5.0
configure:3342: result: no
configure:3312: checking for gcc
configure:3328: found /opt/rh/devtoolset-7/root/usr/bin/gcc
configure:3339: result: gcc
configure:3370: checking for C compiler version
configure:3379: gcc --version >&5
gcc (GCC) 7.3.1 20180303 (Red Hat 7.3.1-5)
Copyright (C) 2017 Free Software Foundation, Inc.
This is free software; see the source for copying conditions.  There is NO
warranty; not even for MERCHANTABILITY or FITNESS FOR A PARTICULAR PURPOSE.

configure:3390: $? = 0
configure:3379: gcc -v >&5
Using built-in specs.
COLLECT_GCC=gcc
COLLECT_LTO_WRAPPER=/opt/rh/devtoolset-7/root/usr/libexec/gcc/x86_64-redhat-linux/7/lto-wrapper
Target: x86_64-redhat-linux
Configured with: ../configure --enable-bootstrap --enable-languages=c,c++,fortran,lto --prefix=/opt/rh/devtoolset-7/root/usr --mandir=/opt/rh/devtoolset-7/root/usr/share/man --infodir=/opt/rh/devtoolset-7/root/usr/share/info --with-bugurl=http://bugzilla.redhat.com/bugzilla --enable-shared --enable-threads=posix --enable-checking=release --enable-multilib --with-system-zlib --enable-__cxa_atexit --disable-libunwind-exceptions --enable-gnu-unique-object --enable-linker-build-id --with-gcc-major-version-only --enable-plugin --with-linker-hash-style=gnu --enable-initfini-array --with-default-libstdcxx-abi=gcc4-compatible --with-isl=/builddir/build/BUILD/gcc-7.3.1-20180303/obj-x86_64-redhat-linux/isl-install --enable-libmpx --enable-gnu-indirect-function --with-tune=generic --with-arch_32=i686 --build=x86_64-redhat-linux
Thread model: posix
gcc version 7.3.1 20180303 (Red Hat 7.3.1-5) (GCC) 
configure:3390: $? = 0
configure:3379: gcc -V >&5
gcc: error: unrecognized command line option '-V'
gcc: fatal error: no input files
compilation terminated.
configure:3390: $? = 1
configure:3379: gcc -qversion >&5
gcc: error: unrecognized command line option '-qversion'; did you mean '--version'?
gcc: fatal error: no input files
compilation terminated.
configure:3390: $? = 1
configure:3410: checking whether the C compiler works
configure:3432: gcc    conftest.c  >&5
configure:3436: $? = 0
configure:3484: result: yes
configure:3487: checking for C compiler default output file name
configure:3489: result: a.out
configure:3495: checking for suffix of executables
configure:3502: gcc -o conftest    conftest.c  >&5
configure:3506: $? = 0
configure:3528: result: 
configure:3550: checking whether we are cross compiling
configure:3558: gcc -o conftest    conftest.c  >&5
configure:3562: $? = 0
configure:3569: ./conftest
configure:3573: $? = 0
configure:3588: result: no
configure:3593: checking for suffix of object files
configure:3615: gcc -c   conftest.c >&5
configure:3619: $? = 0
configure:3640: result: o
configure:3644: checking whether we are using the GNU C compiler
configure:3663: gcc -c   conftest.c >&5
configure:3663: $? = 0
configure:3672: result: yes
configure:3681: checking whether gcc accepts -g
configure:3701: gcc -c -g  conftest.c >&5
configure:3701: $? = 0
configure:3742: result: yes
configure:3759: checking for gcc option to accept ISO C89
configure:3822: gcc  -c -g -O2  conftest.c >&5
configure:3822: $? = 0
configure:3835: result: none needed
configure:3860: checking whether gcc understands -c and -o together
configure:3882: gcc -c conftest.c -o conftest2.o
configure:3885: $? = 0
configure:3882: gcc -c conftest.c -o conftest2.o
configure:3885: $? = 0
configure:3897: result: yes
configure:3917: checking whether make supports the include directive
configure:3932: make -f confmf.GNU && cat confinc.out
this is the am__doit target
configure:3935: $? = 0
configure:3954: result: yes (GNU style)
configure:3979: checking dependency style of gcc
configure:4090: result: gcc3
configure:4105: checking for gcc option to accept ISO C99
configure:4254: gcc  -c -g -O2  conftest.c >&5
configure:4254: $? = 0
configure:4267: result: none needed
configure:4343: checking for g++-9
configure:4373: result: no
configure:4343: checking for clang++-8
configure:4373: result: no
configure:4343: checking for g++-8
configure:4373: result: no
configure:4343: checking for clang++-7
configure:4373: result: no
configure:4343: checking for g++-7
configure:4373: result: no
configure:4343: checking for clang++-6.0
configure:4373: result: no
configure:4343: checking for clang++-5.0
configure:4373: result: no
configure:4343: checking for g++
configure:4359: found /opt/rh/devtoolset-7/root/usr/bin/g++
configure:4370: result: g++
configure:4397: checking for C++ compiler version
configure:4406: g++ --version >&5
g++ (GCC) 7.3.1 20180303 (Red Hat 7.3.1-5)
Copyright (C) 2017 Free Software Foundation, Inc.
This is free software; see the source for copying conditions.  There is NO
warranty; not even for MERCHANTABILITY or FITNESS FOR A PARTICULAR PURPOSE.

configure:4417: $? = 0
configure:4406: g++ -v >&5
Using built-in specs.
COLLECT_GCC=g++
COLLECT_LTO_WRAPPER=/opt/rh/devtoolset-7/root/usr/libexec/gcc/x86_64-redhat-linux/7/lto-wrapper
Target: x86_64-redhat-linux
Configured with: ../configure --enable-bootstrap --enable-languages=c,c++,fortran,lto --prefix=/opt/rh/devtoolset-7/root/usr --mandir=/opt/rh/devtoolset-7/root/usr/share/man --infodir=/opt/rh/devtoolset-7/root/usr/share/info --with-bugurl=http://bugzilla.redhat.com/bugzilla --enable-shared --enable-threads=posix --enable-checking=release --enable-multilib --with-system-zlib --enable-__cxa_atexit --disable-libunwind-exceptions --enable-gnu-unique-object --enable-linker-build-id --with-gcc-major-version-only --enable-plugin --with-linker-hash-style=gnu --enable-initfini-array --with-default-libstdcxx-abi=gcc4-compatible --with-isl=/builddir/build/BUILD/gcc-7.3.1-20180303/obj-x86_64-redhat-linux/isl-install --enable-libmpx --enable-gnu-indirect-function --with-tune=generic --with-arch_32=i686 --build=x86_64-redhat-linux
Thread model: posix
gcc version 7.3.1 20180303 (Red Hat 7.3.1-5) (GCC) 
configure:4417: $? = 0
configure:4406: g++ -V >&5
g++: error: unrecognized command line option '-V'
g++: fatal error: no input files
compilation terminated.
configure:4417: $? = 1
configure:4406: g++ -qversion >&5
g++: error: unrecognized command line option '-qversion'; did you mean '--version'?
g++: fatal error: no input files
compilation terminated.
configure:4417: $? = 1
configure:4421: checking whether we are using the GNU C++ compiler
configure:4440: g++ -c   conftest.cpp >&5
configure:4440: $? = 0
configure:4449: result: yes
configure:4458: checking whether g++ accepts -g
configure:4478: g++ -c -g  conftest.cpp >&5
configure:4478: $? = 0
configure:4519: result: yes
configure:4544: checking dependency style of g++
configure:4655: result: gcc3
configure:4683: checking whether g++ supports C++17 features by default
configure:5499: g++ -c -g -O2  conftest.cpp >&5
conftest.cpp:430:2: error: #error "This is not a C++17 compiler"
 #error "This is not a C++17 compiler"
  ^~~~~
configure:5499: $? = 1
configure: failed program was:
| /* confdefs.h */
| #define PACKAGE_NAME "MK Livestatus"
| #define PACKAGE_TARNAME "mk-livestatus"
| #define PACKAGE_VERSION "1.5.0p23"
| #define PACKAGE_STRING "MK Livestatus 1.5.0p23"
| #define PACKAGE_BUGREPORT "mk@mathias-kettner.de"
| #define PACKAGE_URL ""
| #define PACKAGE "mk-livestatus"
| #define VERSION "1.5.0p23"
| #define BUILD_DATE "Wed, 17 Apr 2024 20:54:36 +0200"
| #define BUILD_HOSTNAME "seven3"
| #define BUILD_CXX "g++ (GCC) 7.3.1 20180303 (Red Hat 7.3.1-5)"
| /* end confdefs.h.  */
| 
| 
| // If the compiler admits that it is not ready for C++11, why torture it?
| // Hopefully, this will speed up the test.
| 
| #ifndef __cplusplus
| 
| #error "This is not a C++ compiler"
| 
| #elif __cplusplus < 201103L
| 
| #error "This is not a C++11 compiler"
| 
| #else
| 
| namespace cxx11
| {
| 
|   namespace test_static_assert
|   {
| 
|     template <typename T>
|     struct check
|     {
|       static_assert(sizeof(int) <= sizeof(T), "not big enough");
|     };
| 
|   }
| 
|   namespace test_final_override
|   {
| 
|     struct Base
|     {
|       virtual void f() {}
|     };
| 
|     struct Derived : public Base
|     {
|       virtual void f() override {}
|     };
| 
|   }
| 
|   namespace test_double_right_angle_brackets
|   {
| 
|     template < typename T >
|     struct check {};
| 
|     typedef check<void> single_type;
|     typedef check<check<void>> double_type;
|     typedef check<check<check<void>>> triple_type;
|     typedef check<check<check<check<void>>>> quadruple_type;
| 
|   }
| 
|   namespace test_decltype
|   {
| 
|     int
|     f()
|     {
|       int a = 1;
|       decltype(a) b = 2;
|       return a + b;
|     }
| 
|   }
| 
|   namespace test_type_deduction
|   {
| 
|     template < typename T1, typename T2 >
|     struct is_same
|     {
|       static const bool value = false;
|     };
| 
|     template < typename T >
|     struct is_same<T, T>
|     {
|       static const bool value = true;
|     };
| 
|     template < typename T1, typename T2 >
|     auto
|     add(T1 a1, T2 a2) -> decltype(a1 + a2)
|     {
|       return a1 + a2;
|     }
| 
|     int
|     test(const int c, volatile int v)
|     {
|       static_assert(is_same<int, decltype(0)>::value == true, "");
|       static_assert(is_same<int, decltype(c)>::value == false, "");
|       static_assert(is_same<int, decltype(v)>::value == false, "");
|       auto ac = c;
|       auto av = v;
|       auto sumi = ac + av + 'x';
|       auto sumf = ac + av + 1.0;
|       static_assert(is_same<int, decltype(ac)>::value == true, "");
|       static_assert(is_same<int, decltype(av)>::value == true, "");
|       static_assert(is_same<int, decltype(sumi)>::value == true, "");
|       static_assert(is_same<int, decltype(sumf)>::value == false, "");
|       static_assert(is_same<int, decltype(add(c, v))>::value == true, "");
|       return (sumf > 0.0) ? sumi : add(c, v);
|     }
| 
|   }
| 
|   namespace test_noexcept
|   {
| 
|     int f() { return 0; }
|     int g() noexcept { return 0; }
| 
|     static_assert(noexcept(f()) == false, "");
|     static_assert(noexcept(g()) == true, "");
| 
|   }
| 
|   namespace test_constexpr
|   {
| 
|     template < typename CharT >
|     unsigned long constexpr
|     strlen_c_r(const CharT *const s, const unsigned long acc) noexcept
|     {
|       return *s ? strlen_c_r(s + 1, acc + 1) : acc;
|     }
| 
|     template < typename CharT >
|     unsigned long constexpr
|     strlen_c(const CharT *const s) noexcept
|     {
|       return strlen_c_r(s, 0UL);
|     }
| 
|     static_assert(strlen_c("") == 0UL, "");
|     static_assert(strlen_c("1") == 1UL, "");
|     static_assert(strlen_c("example") == 7UL, "");
|     static_assert(strlen_c("another\0example") == 7UL, "");
| 
|   }
| 
|   namespace test_rvalue_references
|   {
| 
|     template < int N >
|     struct answer
|     {
|       static constexpr int value = N;
|     };
| 
|     answer<1> f(int&)       { return answer<1>(); }
|     answer<2> f(const int&) { return answer<2>(); }
|     answer<3> f(int&&)      { return answer<3>(); }
| 
|     void
|     test()
|     {
|       int i = 0;
|       const int c = 0;
|       static_assert(decltype(f(i))::value == 1, "");
|       static_assert(decltype(f(c))::value == 2, "");
|       static_assert(decltype(f(0))::value == 3, "");
|     }
| 
|   }
| 
|   namespace test_uniform_initialization
|   {
| 
|     struct test
|     {
|       static const int zero {};
|       static const int one {1};
|     };
| 
|     static_assert(test::zero == 0, "");
|     static_assert(test::one == 1, "");
| 
|   }
| 
|   namespace test_lambdas
|   {
| 
|     void
|     test1()
|     {
|       auto lambda1 = [](){};
|       auto lambda2 = lambda1;
|       lambda1();
|       lambda2();
|     }
| 
|     int
|     test2()
|     {
|       auto a = [](int i, int j){ return i + j; }(1, 2);
|       auto b = []() -> int { return '0'; }();
|       auto c = [=](){ return a + b; }();
|       auto d = [&](){ return c; }();
|       auto e = [a, &b](int x) mutable {
|         const auto identity = [](int y){ return y; };
|         for (auto i = 0; i < a; ++i)
|           a += b--;
|         return x + identity(a + b);
|       }(0);
|       return a + b + c + d + e;
|     }
| 
|     int
|     test3()
|     {
|       const auto nullary = [](){ return 0; };
|       const auto unary = [](int x){ return x; };
|       using nullary_t = decltype(nullary);
|       using unary_t = decltype(unary);
|       const auto higher1st = [](nullary_t f){ return f(); };
|       const auto higher2nd = [unary](nullary_t f1){
|         return [unary, f1](unary_t f2){ return f2(unary(f1())); };
|       };
|       return higher1st(nullary) + higher2nd(nullary)(unary);
|     }
| 
|   }
| 
|   namespace test_variadic_templates
|   {
| 
|     template <int...>
|     struct sum;
| 
|     template <int N0, int... N1toN>
|     struct sum<N0, N1toN...>
|     {
|       static constexpr auto value = N0 + sum<N1toN...>::value;
|     };
| 
|     template <>
|     struct sum<>
|     {
|       static constexpr auto value = 0;
|     };
| 
|     static_assert(sum<>::value == 0, "");
|     static_assert(sum<1>::value == 1, "");
|     static_assert(sum<23>::value == 23, "");
|     static_assert(sum<1, 2>::value == 3, "");
|     static_assert(sum<5, 5, 11>::value == 21, "");
|     static_assert(sum<2, 3, 5, 7, 11, 13>::value == 41, "");
| 
|   }
| 
|   // http://stackoverflow.com/questions/13728184/template-aliases-and-sfinae
|   // Clang 3.1 fails with headers of libstd++ 4.8.3 when using std::function
|   // because of this.
|   namespace test_template_alias_sfinae
|   {
| 
|     struct foo {};
| 
|     template<typename T>
|     using member = typename T::member_type;
| 
|     template<typename T>
|     void func(...) {}
| 
|     template<typename T>
|     void func(member<T>*) {}
| 
|     void test();
| 
|     void test() { func<foo>(0); }
| 
|   }
| 
| }  // namespace cxx11
| 
| #endif  // __cplusplus >= 201103L
| 
| 
| 
| 
| // If the compiler admits that it is not ready for C++14, why torture it?
| // Hopefully, this will speed up the test.
| 
| #ifndef __cplusplus
| 
| #error "This is not a C++ compiler"
| 
| #elif __cplusplus < 201402L
| 
| #error "This is not a C++14 compiler"
| 
| #else
| 
| namespace cxx14
| {
| 
|   namespace test_polymorphic_lambdas
|   {
| 
|     int
|     test()
|     {
|       const auto lambda = [](auto&&... args){
|         const auto istiny = [](auto x){
|           return (sizeof(x) == 1UL) ? 1 : 0;
|         };
|         const int aretiny[] = { istiny(args)... };
|         return aretiny[0];
|       };
|       return lambda(1, 1L, 1.0f, '1');
|     }
| 
|   }
| 
|   namespace test_binary_literals
|   {
| 
|     constexpr auto ivii = 0b0000000000101010;
|     static_assert(ivii == 42, "wrong value");
| 
|   }
| 
|   namespace test_generalized_constexpr
|   {
| 
|     template < typename CharT >
|     constexpr unsigned long
|     strlen_c(const CharT *const s) noexcept
|     {
|       auto length = 0UL;
|       for (auto p = s; *p; ++p)
|         ++length;
|       return length;
|     }
| 
|     static_assert(strlen_c("") == 0UL, "");
|     static_assert(strlen_c("x") == 1UL, "");
|     static_assert(strlen_c("test") == 4UL, "");
|     static_assert(strlen_c("another\0test") == 7UL, "");
| 
|   }
| 
|   namespace test_lambda_init_capture
|   {
| 
|     int
|     test()
|     {
|       auto x = 0;
|       const auto lambda1 = [a = x](int b){ return a + b; };
|       const auto lambda2 = [a = lambda1(x)](){ return a; };
|       return lambda2();
|     }
| 
|   }
| 
|   namespace test_digit_separators
|   {
| 
|     constexpr auto ten_million = 100'000'000;
|     static_assert(ten_million == 100000000, "");
| 
|   }
| 
|   namespace test_return_type_deduction
|   {
| 
|     auto f(int& x) { return x; }
|     decltype(auto) g(int& x) { return x; }
| 
|     template < typename T1, typename T2 >
|     struct is_same
|     {
|       static constexpr auto value = false;
|     };
| 
|     template < typename T >
|     struct is_same<T, T>
|     {
|       static constexpr auto value = true;
|     };
| 
|     int
|     test()
|     {
|       auto x = 0;
|       static_assert(is_same<int, decltype(f(x))>::value, "");
|       static_assert(is_same<int&, decltype(g(x))>::value, "");
|       return x;
|     }
| 
|   }
| 
| }  // namespace cxx14
| 
| #endif  // __cplusplus >= 201402L
| 
| 
| 
| 
| // If the compiler admits that it is not ready for C++17, why torture it?
| // Hopefully, this will speed up the test.
| 
| #ifndef __cplusplus
| 
| #error "This is not a C++ compiler"
| 
| #elif __cplusplus <= 201402L
| 
| #error "This is not a C++17 compiler"
| 
| #else
| 
| #if defined(__clang__)
|   #define REALLY_CLANG
| #else
|   #if defined(__GNUC__)
|     #define REALLY_GCC
|   #endif
| #endif
| 
| #include <initializer_list>
| #include <utility>
| #include <type_traits>
| 
| namespace cxx17
| {
| 
| #if !defined(REALLY_CLANG)
|   namespace test_constexpr_lambdas
|   {
| 
|     // TODO: test it with clang++ from git
| 
|     constexpr int foo = [](){return 42;}();
| 
|   }
| #endif // !defined(REALLY_CLANG)
| 
|   namespace test::nested_namespace::definitions
|   {
| 
|   }
| 
|   namespace test_fold_expression
|   {
| 
|     template<typename... Args>
|     int multiply(Args... args)
|     {
|       return (args * ... * 1);
|     }
| 
|     template<typename... Args>
|     bool all(Args... args)
|     {
|       return (args && ...);
|     }
| 
|   }
| 
|   namespace test_extended_static_assert
|   {
| 
|     static_assert (true);
| 
|   }
| 
|   namespace test_auto_brace_init_list
|   {
| 
|     auto foo = {5};
|     auto bar {5};
| 
|     static_assert(std::is_same<std::initializer_list<int>, decltype(foo)>::value);
|     static_assert(std::is_same<int, decltype(bar)>::value);
|   }
| 
|   namespace test_typename_in_template_template_parameter
|   {
| 
|     template<template<typename> typename X> struct D;
| 
|   }
| 
|   namespace test_fallthrough_nodiscard_maybe_unused_attributes
|   {
| 
|     int f1()
|     {
|       return 42;
|     }
| 
|     [[nodiscard]] int f2()
|     {
|       [[maybe_unused]] auto unused = f1();
| 
|       switch (f1())
|       {
|       case 17:
|         f1();
|         [[fallthrough]];
|       case 42:
|         f1();
|       }
|       return f1();
|     }
| 
|   }
| 
|   namespace test_extended_aggregate_initialization
|   {
| 
|     struct base1
|     {
|       int b1, b2 = 42;
|     };
| 
|     struct base2
|     {
|       base2() {
|         b3 = 42;
|       }
|       int b3;
|     };
| 
|     struct derived : base1, base2
|     {
|         int d;
|     };
| 
|     derived d1 {{1, 2}, {}, 4};  // full initialization
|     derived d2 {{}, {}, 4};      // value-initialized bases
| 
|   }
| 
|   namespace test_general_range_based_for_loop
|   {
| 
|     struct iter
|     {
|       int i;
| 
|       int& operator* ()
|       {
|         return i;
|       }
| 
|       const int& operator* () const
|       {
|         return i;
|       }
| 
|       iter& operator++()
|       {
|         ++i;
|         return *this;
|       }
|     };
| 
|     struct sentinel
|     {
|       int i;
|     };
| 
|     bool operator== (const iter& i, const sentinel& s)
|     {
|       return i.i == s.i;
|     }
| 
|     bool operator!= (const iter& i, const sentinel& s)
|     {
|       return !(i == s);
|     }
| 
|     struct range
|     {
|       iter begin() const
|       {
|         return {0};
|       }
| 
|       sentinel end() const
|       {
|         return {5};
|       }
|     };
| 
|     void f()
|     {
|       range r {};
| 
|       for (auto i : r)
|       {
|         [[maybe_unused]] auto v = i;
|       }
|     }
| 
|   }
| 
|   namespace test_lambda_capture_asterisk_this_by_value
|   {
| 
|     struct t
|     {
|       int i;
|       int foo()
|       {
|         return [*this]()
|         {
|           return i;
|         }();
|       }
|     };
| 
|   }
| 
|   namespace test_enum_class_construction
|   {
| 
|     enum class byte : unsigned char
|     {};
| 
|     byte foo {42};
| 
|   }
| 
|   namespace test_constexpr_if
|   {
| 
|     template <bool cond>
|     int f ()
|     {
|       if constexpr(cond)
|       {
|         return 13;
|       }
|       else
|       {
|         return 42;
|       }
|     }
| 
|   }
| 
|   namespace test_selection_statement_with_initializer
|   {
| 
|     int f()
|     {
|       return 13;
|     }
| 
|     int f2()
|     {
|       if (auto i = f(); i > 0)
|       {
|         return 3;
|       }
| 
|       switch (auto i = f(); i + 4)
|       {
|       case 17:
|         return 2;
| 
|       default:
|         return 1;
|       }
|     }
| 
|   }
| 
| #if !defined(REALLY_CLANG)
|   namespace test_template_argument_deduction_for_class_templates
|   {
| 
|     // TODO: test it with clang++ from git
| 
|     template <typename T1, typename T2>
|     struct pair
|     {
|       pair (T1 p1, T2 p2)
|         : m1 {p1},
|           m2 {p2}
|       {}
| 
|       T1 m1;
|       T2 m2;
|     };
| 
|     void f()
|     {
|       [[maybe_unused]] auto p = pair{13, 42u};
|     }
| 
|   }
| #endif // !defined(REALLY_CLANG)
| 
|   namespace test_non_type_auto_template_parameters
|   {
| 
|     template <auto n>
|     struct B
|     {};
| 
|     B<5> b1;
|     B<'a'> b2;
| 
|   }
| 
| #if !defined(REALLY_CLANG)
|   namespace test_structured_bindings
|   {
| 
|     // TODO: test it with clang++ from git
| 
|     int arr[2] = { 1, 2 };
|     std::pair<int, int> pr = { 1, 2 };
| 
|     auto f1() -> int(&)[2]
|     {
|       return arr;
|     }
| 
|     auto f2() -> std::pair<int, int>&
|     {
|       return pr;
|     }
| 
|     struct S
|     {
|       int x1 : 2;
|       volatile double y1;
|     };
| 
|     S f3()
|     {
|       return {};
|     }
| 
|     auto [ x1, y1 ] = f1();
|     auto& [ xr1, yr1 ] = f1();
|     auto [ x2, y2 ] = f2();
|     auto& [ xr2, yr2 ] = f2();
|     const auto [ x3, y3 ] = f3();
| 
|   }
| #endif // !defined(REALLY_CLANG)
| 
| #if !defined(REALLY_CLANG)
|   namespace test_exception_spec_type_system
|   {
| 
|     // TODO: test it with clang++ from git
| 
|     struct Good {};
|     struct Bad {};
| 
|     void g1() noexcept;
|     void g2();
| 
|     template<typename T>
|     Bad
|     f(T*, T*);
| 
|     template<typename T1, typename T2>
|     Good
|     f(T1*, T2*);
| 
|     static_assert (std::is_same_v<Good, decltype(f(g1, g2))>);
| 
|   }
| #endif // !defined(REALLY_CLANG)
| 
|   namespace test_inline_variables
|   {
| 
|     template<class T> void f(T)
|     {}
| 
|     template<class T> inline T g(T)
|     {
|       return T{};
|     }
| 
|     template<> inline void f<>(int)
|     {}
| 
|     template<> int g<>(int)
|     {
|       return 5;
|     }
| 
|   }
| 
| }  // namespace cxx17
| 
| #endif  // __cplusplus <= 201402L
| 
| 
| 
configure:5506: result: no
configure:5518: checking whether g++ supports C++17 features with -std=c++17
configure:6336: g++ -std=c++17 -c -g -O2  conftest.cpp >&5
configure:6336: $? = 0
configure:6345: result: yes
configure:6428: checking for ranlib
configure:6444: found /opt/rh/devtoolset-7/root/usr/bin/ranlib
configure:6455: result: ranlib
configure:6528: checking for ar
configure:6544: found /opt/rh/devtoolset-7/root/usr/bin/ar
configure:6555: result: ar
configure:6581: checking the archiver (ar) interface
configure:6597: gcc -c -g -O2  conftest.c >&5
configure:6597: $? = 0
configure:6599: ar cru libconftest.a conftest.o >&5
configure:6602: $? = 0
configure:6630: result: ar
configure:6652: checking for socket in -lsocket
configure:6677: gcc -o conftest -g -O2   conftest.c -lsocket   >&5
/opt/rh/devtoolset-7/root/usr/libexec/gcc/x86_64-redhat-linux/7/ld: cannot find -lsocket
collect2: error: ld returned 1 exit status
configure:6677: $? = 1
configure: failed program was:
| /* confdefs.h */
| #define PACKAGE_NAME "MK Livestatus"
| #define PACKAGE_TARNAME "mk-livestatus"
| #define PACKAGE_VERSION "1.5.0p23"
| #define PACKAGE_STRING "MK Livestatus 1.5.0p23"
| #define PACKAGE_BUGREPORT "mk@mathias-kettner.de"
| #define PACKAGE_URL ""
| #define PACKAGE "mk-livestatus"
| #define VERSION "1.5.0p23"
| #define BUILD_DATE "Wed, 17 Apr 2024 20:54:36 +0200"
| #define BUILD_HOSTNAME "seven3"
| #define BUILD_CXX "g++ (GCC) 7.3.1 20180303 (Red Hat 7.3.1-5)"
| #define HAVE_CXX17 1
| /* end confdefs.h.  */
| 
| /* Override any GCC internal prototype to avoid an error.
|    Use char because int might match the return type of a GCC
|    builtin and then its argument prototype would still apply.  */
| #ifdef __cplusplus
| extern "C"
| #endif
| char socket ();
| int
| main ()
| {
| return socket ();
|   ;
|   return 0;
| }
configure:6686: result: no
configure:6697: checking for connect in -lsocket
configure:6722: gcc -o conftest -g -O2   conftest.c -lsocket   >&5
/opt/rh/devtoolset-7/root/usr/libexec/gcc/x86_64-redhat-linux/7/ld: cannot find -lsocket
collect2: error: ld returned 1 exit status
configure:6722: $? = 1
configure: failed program was:
| /* confdefs.h */
| #define PACKAGE_NAME "MK Livestatus"
| #define PACKAGE_TARNAME "mk-livestatus"
| #define PACKAGE_VERSION "1.5.0p23"
| #define PACKAGE_STRING "MK Livestatus 1.5.0p23"
| #define PACKAGE_BUGREPORT "mk@mathias-kettner.de"
| #define PACKAGE_URL ""
| #define PACKAGE "mk-livestatus"
| #define VERSION "1.5.0p23"
| #define BUILD_DATE "Wed, 17 Apr 2024 20:54:36 +0200"
| #define BUILD_HOSTNAME "seven3"
| #define BUILD_CXX "g++ (GCC) 7.3.1 20180303 (Red Hat 7.3.1-5)"
| #define HAVE_CXX17 1
| /* end confdefs.h.  */
| 
| /* Override any GCC internal prototype to avoid an error.
|    Use char because int might match the return type of a GCC
|    builtin and then its argument prototype would still apply.  */
| #ifdef __cplusplus
| extern "C"
| #endif
| char connect ();
| int
| main ()
| {
| return connect ();
|   ;
|   return 0;
| }
configure:6731: result: no
configure:6742: checking for shutdown in -lsocket
configure:6767: gcc -o conftest -g -O2   conftest.c -lsocket   >&5
/opt/rh/devtoolset-7/root/usr/libexec/gcc/x86_64-redhat-linux/7/ld: cannot find -lsocket
collect2: error: ld returned 1 exit status
configure:6767: $? = 1
configure: failed program was:
| /* confdefs.h */
| #define PACKAGE_NAME "MK Livestatus"
| #define PACKAGE_TARNAME "mk-livestatus"
| #define PACKAGE_VERSION "1.5.0p23"
| #define PACKAGE_STRING "MK Livestatus 1.5.0p23"
| #define PACKAGE_BUGREPORT "mk@mathias-kettner.de"
| #define PACKAGE_URL ""
| #define PACKAGE "mk-livestatus"
| #define VERSION "1.5.0p23"
| #define BUILD_DATE "Wed, 17 Apr 2024 20:54:36 +0200"
| #define BUILD_HOSTNAME "seven3"
| #define BUILD_CXX "g++ (GCC) 7.3.1 20180303 (Red Hat 7.3.1-5)"
| #define HAVE_CXX17 1
| /* end confdefs.h.  */
| 
| /* Override any GCC internal prototype to avoid an error.
|    Use char because int might match the return type of a GCC
|    builtin and then its argument prototype would still apply.  */
| #ifdef __cplusplus
| extern "C"
| #endif
| char shutdown ();
| int
| main ()
| {
| return shutdown ();
|   ;
|   return 0;
| }
configure:6776: result: no
configure:6795: checking for library containing rrd_xport
configure:6826: gcc -o conftest -g -O2   conftest.c  >&5
/tmp/cc8htA3I.o: In function `main':
/root/test/liam/conftest.c:26: undefined reference to `rrd_xport'
collect2: error: ld returned 1 exit status
configure:6826: $? = 1
configure: failed program was:
| /* confdefs.h */
| #define PACKAGE_NAME "MK Livestatus"
| #define PACKAGE_TARNAME "mk-livestatus"
| #define PACKAGE_VERSION "1.5.0p23"
| #define PACKAGE_STRING "MK Livestatus 1.5.0p23"
| #define PACKAGE_BUGREPORT "mk@mathias-kettner.de"
| #define PACKAGE_URL ""
| #define PACKAGE "mk-livestatus"
| #define VERSION "1.5.0p23"
| #define BUILD_DATE "Wed, 17 Apr 2024 20:54:36 +0200"
| #define BUILD_HOSTNAME "seven3"
| #define BUILD_CXX "g++ (GCC) 7.3.1 20180303 (Red Hat 7.3.1-5)"
| #define HAVE_CXX17 1
| /* end confdefs.h.  */
| 
| /* Override any GCC internal prototype to avoid an error.
|    Use char because int might match the return type of a GCC
|    builtin and then its argument prototype would still apply.  */
| #ifdef __cplusplus
| extern "C"
| #endif
| char rrd_xport ();
| int
| main ()
| {
| return rrd_xport ();
|   ;
|   return 0;
| }
configure:6826: gcc -o conftest -g -O2   conftest.c -lrrd   >&5
configure:6826: $? = 0
configure:6843: result: -lrrd
configure:6860: checking for dirent.h that defines DIR
configure:6879: gcc -c -g -O2  conftest.c >&5
configure:6879: $? = 0
configure:6887: result: yes
configure:6900: checking for library containing opendir
configure:6931: gcc -o conftest -g -O2   conftest.c  >&5
configure:6931: $? = 0
configure:6948: result: none required
configure:7020: checking how to run the C preprocessor
configure:7051: gcc -E  conftest.c
configure:7051: $? = 0
configure:7065: gcc -E  conftest.c
conftest.c:16:10: fatal error: ac_nonexistent.h: No such file or directory
 #include <ac_nonexistent.h>
          ^~~~~~~~~~~~~~~~~~
compilation terminated.
configure:7065: $? = 1
configure: failed program was:
| /* confdefs.h */
| #define PACKAGE_NAME "MK Livestatus"
| #define PACKAGE_TARNAME "mk-livestatus"
| #define PACKAGE_VERSION "1.5.0p23"
| #define PACKAGE_STRING "MK Livestatus 1.5.0p23"
| #define PACKAGE_BUGREPORT "mk@mathias-kettner.de"
| #define PACKAGE_URL ""
| #define PACKAGE "mk-livestatus"
| #define VERSION "1.5.0p23"
| #define BUILD_DATE "Wed, 17 Apr 2024 20:54:36 +0200"
| #define BUILD_HOSTNAME "seven3"
| #define BUILD_CXX "g++ (GCC) 7.3.1 20180303 (Red Hat 7.3.1-5)"
| #define HAVE_CXX17 1
| #define HAVE_DIRENT_H 1
| /* end confdefs.h.  */
| #include <ac_nonexistent.h>
configure:7090: result: gcc -E
configure:7110: gcc -E  conftest.c
configure:7110: $? = 0
configure:7124: gcc -E  conftest.c
conftest.c:16:10: fatal error: ac_nonexistent.h: No such file or directory
 #include <ac_nonexistent.h>
          ^~~~~~~~~~~~~~~~~~
compilation terminated.
configure:7124: $? = 1
configure: failed program was:
| /* confdefs.h */
| #define PACKAGE_NAME "MK Livestatus"
| #define PACKAGE_TARNAME "mk-livestatus"
| #define PACKAGE_VERSION "1.5.0p23"
| #define PACKAGE_STRING "MK Livestatus 1.5.0p23"
| #define PACKAGE_BUGREPORT "mk@mathias-kettner.de"
| #define PACKAGE_URL ""
| #define PACKAGE "mk-livestatus"
| #define VERSION "1.5.0p23"
| #define BUILD_DATE "Wed, 17 Apr 2024 20:54:36 +0200"
| #define BUILD_HOSTNAME "seven3"
| #define BUILD_CXX "g++ (GCC) 7.3.1 20180303 (Red Hat 7.3.1-5)"
| #define HAVE_CXX17 1
| #define HAVE_DIRENT_H 1
| /* end confdefs.h.  */
| #include <ac_nonexistent.h>
configure:7153: checking for grep that handles long lines and -e
configure:7211: result: /usr/bin/grep
configure:7216: checking for egrep
configure:7278: result: /usr/bin/grep -E
configure:7283: checking for ANSI C header files
configure:7303: gcc -c -g -O2  conftest.c >&5
configure:7303: $? = 0
configure:7376: gcc -o conftest -g -O2   conftest.c  >&5
configure:7376: $? = 0
configure:7376: ./conftest
configure:7376: $? = 0
configure:7387: result: yes
configure:7395: checking for sys/wait.h that is POSIX.1 compatible
configure:7421: gcc -c -g -O2  conftest.c >&5
configure:7421: $? = 0
configure:7428: result: yes
configure:7441: checking for sys/types.h
configure:7441: gcc -c -g -O2  conftest.c >&5
configure:7441: $? = 0
configure:7441: result: yes
configure:7441: checking for sys/stat.h
configure:7441: gcc -c -g -O2  conftest.c >&5
configure:7441: $? = 0
configure:7441: result: yes
configure:7441: checking for stdlib.h
configure:7441: gcc -c -g -O2  conftest.c >&5
configure:7441: $? = 0
configure:7441: result: yes
configure:7441: checking for string.h
configure:7441: gcc -c -g -O2  conftest.c >&5
configure:7441: $? = 0
configure:7441: result: yes
configure:7441: checking for memory.h
configure:7441: gcc -c -g -O2  conftest.c >&5
configure:7441: $? = 0
configure:7441: result: yes
configure:7441: checking for strings.h
configure:7441: gcc -c -g -O2  conftest.c >&5
configure:7441: $? = 0
configure:7441: result: yes
configure:7441: checking for inttypes.h
configure:7441: gcc -c -g -O2  conftest.c >&5
configure:7441: $? = 0
configure:7441: result: yes
configure:7441: checking for stdint.h
configure:7441: gcc -c -g -O2  conftest.c >&5
configure:7441: $? = 0
configure:7441: result: yes
configure:7441: checking for unistd.h
configure:7441: gcc -c -g -O2  conftest.c >&5
configure:7441: $? = 0
configure:7441: result: yes
configure:7456: checking arpa/inet.h usability
configure:7456: gcc -c -g -O2  conftest.c >&5
configure:7456: $? = 0
configure:7456: result: yes
configure:7456: checking arpa/inet.h presence
configure:7456: gcc -E  conftest.c
configure:7456: $? = 0
configure:7456: result: yes
configure:7456: checking for arpa/inet.h
configure:7456: result: yes
configure:7456: checking fcntl.h usability
configure:7456: gcc -c -g -O2  conftest.c >&5
configure:7456: $? = 0
configure:7456: result: yes
configure:7456: checking fcntl.h presence
configure:7456: gcc -E  conftest.c
configure:7456: $? = 0
configure:7456: result: yes
configure:7456: checking for fcntl.h
configure:7456: result: yes
configure:7456: checking limits.h usability
configure:7456: gcc -c -g -O2  conftest.c >&5
configure:7456: $? = 0
configure:7456: result: yes
configure:7456: checking limits.h presence
configure:7456: gcc -E  conftest.c
configure:7456: $? = 0
configure:7456: result: yes
configure:7456: checking for limits.h
configure:7456: result: yes
configure:7456: checking netdb.h usability
configure:7456: gcc -c -g -O2  conftest.c >&5
configure:7456: $? = 0
configure:7456: result: yes
configure:7456: checking netdb.h presence
configure:7456: gcc -E  conftest.c
configure:7456: $? = 0
configure:7456: result: yes
configure:7456: checking for netdb.h
configure:7456: result: yes
configure:7456: checking netinet/in.h usability
configure:7456: gcc -c -g -O2  conftest.c >&5
configure:7456: $? = 0
configure:7456: result: yes
configure:7456: checking netinet/in.h presence
configure:7456: gcc -E  conftest.c
configure:7456: $? = 0
configure:7456: result: yes
configure:7456: checking for netinet/in.h
configure:7456: result: yes
configure:7456: checking for stdint.h
configure:7456: result: yes
configure:7456: checking for stdlib.h
configure:7456: result: yes
configure:7456: checking for string.h
configure:7456: result: yes
configure:7456: checking for strings.h
configure:7456: result: yes
configure:7456: checking sys/socket.h usability
configure:7456: gcc -c -g -O2  conftest.c >&5
configure:7456: $? = 0
configure:7456: result: yes
configure:7456: checking sys/socket.h presence
configure:7456: gcc -E  conftest.c
configure:7456: $? = 0
configure:7456: result: yes
configure:7456: checking for sys/socket.h
configure:7456: result: yes
configure:7456: checking sys/time.h usability
configure:7456: gcc -c -g -O2  conftest.c >&5
configure:7456: $? = 0
configure:7456: result: yes
configure:7456: checking sys/time.h presence
configure:7456: gcc -E  conftest.c
configure:7456: $? = 0
configure:7456: result: yes
configure:7456: checking for sys/time.h
configure:7456: result: yes
configure:7456: checking sys/timeb.h usability
configure:7456: gcc -c -g -O2  conftest.c >&5
configure:7456: $? = 0
configure:7456: result: yes
configure:7456: checking sys/timeb.h presence
configure:7456: gcc -E  conftest.c
configure:7456: $? = 0
configure:7456: result: yes
configure:7456: checking for sys/timeb.h
configure:7456: result: yes
configure:7456: checking syslog.h usability
configure:7456: gcc -c -g -O2  conftest.c >&5
configure:7456: $? = 0
configure:7456: result: yes
configure:7456: checking syslog.h presence
configure:7456: gcc -E  conftest.c
configure:7456: $? = 0
configure:7456: result: yes
configure:7456: checking for syslog.h
configure:7456: result: yes
configure:7456: checking for unistd.h
configure:7456: result: yes
configure:7472: checking build system type
configure:7486: result: x86_64-pc-linux-gnu
configure:7506: checking host system type
configure:7519: result: x86_64-pc-linux-gnu
configure:7676: checking for boostlib >=  (102000)
configure:7708: g++ -std=c++17 -c -g -O2  -I/usr/include conftest.cpp >&5
configure:7708: $? = 0
configure:7710: result: yes
configure:7901: checking whether the Boost::ASIO library is available
configure:7932: g++ -std=c++17 -c -g -O2  -I/usr/include conftest.cpp >&5
configure:7932: $? = 0
configure:7946: result: yes
configure:7966: checking for main in -lboost_system-mt
configure:7985: g++ -std=c++17 -o conftest -g -O2  -I/usr/include  -L/usr/lib64 conftest.cpp -lboost_system-mt   >&5
configure:7985: $? = 0
configure:7995: result: yes
configure:8076: checking whether C++17 headers are supported by default
configure:8090: g++ -std=c++17 -c -g -O2  conftest.cpp >&5
configure:8090: $? = 0
configure:8091: result: yes
configure:8148: checking how to run the C++ preprocessor
configure:8175: g++ -std=c++17 -E  conftest.cpp
configure:8175: $? = 0
configure:8189: g++ -std=c++17 -E  conftest.cpp
conftest.cpp:43:10: fatal error: ac_nonexistent.h: No such file or directory
 #include <ac_nonexistent.h>
          ^~~~~~~~~~~~~~~~~~
compilation terminated.
configure:8189: $? = 1
configure: failed program was:
| /* confdefs.h */
| #define PACKAGE_NAME "MK Livestatus"
| #define PACKAGE_TARNAME "mk-livestatus"
| #define PACKAGE_VERSION "1.5.0p23"
| #define PACKAGE_STRING "MK Livestatus 1.5.0p23"
| #define PACKAGE_BUGREPORT "mk@mathias-kettner.de"
| #define PACKAGE_URL ""
| #define PACKAGE "mk-livestatus"
| #define VERSION "1.5.0p23"
| #define BUILD_DATE "Wed, 17 Apr 2024 20:54:36 +0200"
| #define BUILD_HOSTNAME "seven3"
| #define BUILD_CXX "g++ (GCC) 7.3.1 20180303 (Red Hat 7.3.1-5)"
| #define HAVE_CXX17 1
| #define HAVE_DIRENT_H 1
| #define STDC_HEADERS 1
| #define HAVE_SYS_WAIT_H 1
| #define HAVE_SYS_TYPES_H 1
| #define HAVE_SYS_STAT_H 1
| #define HAVE_STDLIB_H 1
| #define HAVE_STRING_H 1
| #define HAVE_MEMORY_H 1
| #define HAVE_STRINGS_H 1
| #define HAVE_INTTYPES_H 1
| #define HAVE_STDINT_H 1
| #define HAVE_UNISTD_H 1
| #define HAVE_ARPA_INET_H 1
| #define HAVE_FCNTL_H 1
| #define HAVE_LIMITS_H 1
| #define HAVE_NETDB_H 1
| #define HAVE_NETINET_IN_H 1
| #define HAVE_STDINT_H 1
| #define HAVE_STDLIB_H 1
| #define HAVE_STRING_H 1
| #define HAVE_STRINGS_H 1
| #define HAVE_SYS_SOCKET_H 1
| #define HAVE_SYS_TIME_H 1
| #define HAVE_SYS_TIMEB_H 1
| #define HAVE_SYSLOG_H 1
| #define HAVE_UNISTD_H 1
| #define HAVE_BOOST /**/
| #define HAVE_BOOST_ASIO /**/
| /* end confdefs.h.  */
| #include <ac_nonexistent.h>
configure:8214: result: g++ -std=c++17 -E
configure:8234: g++ -std=c++17 -E  conftest.cpp
configure:8234: $? = 0
configure:8248: g++ -std=c++17 -E  conftest.cpp
conftest.cpp:43:10: fatal error: ac_nonexistent.h: No such file or directory
 #include <ac_nonexistent.h>
          ^~~~~~~~~~~~~~~~~~
compilation terminated.
configure:8248: $? = 1
configure: failed program was:
| /* confdefs.h */
| #define PACKAGE_NAME "MK Livestatus"
| #define PACKAGE_TARNAME "mk-livestatus"
| #define PACKAGE_VERSION "1.5.0p23"
| #define PACKAGE_STRING "MK Livestatus 1.5.0p23"
| #define PACKAGE_BUGREPORT "mk@mathias-kettner.de"
| #define PACKAGE_URL ""
| #define PACKAGE "mk-livestatus"
| #define VERSION "1.5.0p23"
| #define BUILD_DATE "Wed, 17 Apr 2024 20:54:36 +0200"
| #define BUILD_HOSTNAME "seven3"
| #define BUILD_CXX "g++ (GCC) 7.3.1 20180303 (Red Hat 7.3.1-5)"
| #define HAVE_CXX17 1
| #define HAVE_DIRENT_H 1
| #define STDC_HEADERS 1
| #define HAVE_SYS_WAIT_H 1
| #define HAVE_SYS_TYPES_H 1
| #define HAVE_SYS_STAT_H 1
| #define HAVE_STDLIB_H 1
| #define HAVE_STRING_H 1
| #define HAVE_MEMORY_H 1
| #define HAVE_STRINGS_H 1
| #define HAVE_INTTYPES_H 1
| #define HAVE_STDINT_H 1
| #define HAVE_UNISTD_H 1
| #define HAVE_ARPA_INET_H 1
| #define HAVE_FCNTL_H 1
| #define HAVE_LIMITS_H 1
| #define HAVE_NETDB_H 1
| #define HAVE_NETINET_IN_H 1
| #define HAVE_STDINT_H 1
| #define HAVE_STDLIB_H 1
| #define HAVE_STRING_H 1
| #define HAVE_STRINGS_H 1
| #define HAVE_SYS_SOCKET_H 1
| #define HAVE_SYS_TIME_H 1
| #define HAVE_SYS_TIMEB_H 1
| #define HAVE_SYSLOG_H 1
| #define HAVE_UNISTD_H 1
| #define HAVE_BOOST /**/
| #define HAVE_BOOST_ASIO /**/
| /* end confdefs.h.  */
| #include <ac_nonexistent.h>
configure:8339: checking for stdbool.h that conforms to C99
configure:8406: gcc -c -g -O2  conftest.c >&5
configure:8406: $? = 0
configure:8413: result: yes
configure:8415: checking for _Bool
configure:8415: gcc -c -g -O2  conftest.c >&5
configure:8415: $? = 0
configure:8415: gcc -c -g -O2  conftest.c >&5
conftest.c: In function 'main':
conftest.c:79:20: error: expected expression before ')' token
 if (sizeof ((_Bool)))
                    ^
configure:8415: $? = 1
configure: failed program was:
| /* confdefs.h */
| #define PACKAGE_NAME "MK Livestatus"
| #define PACKAGE_TARNAME "mk-livestatus"
| #define PACKAGE_VERSION "1.5.0p23"
| #define PACKAGE_STRING "MK Livestatus 1.5.0p23"
| #define PACKAGE_BUGREPORT "mk@mathias-kettner.de"
| #define PACKAGE_URL ""
| #define PACKAGE "mk-livestatus"
| #define VERSION "1.5.0p23"
| #define BUILD_DATE "Wed, 17 Apr 2024 20:54:36 +0200"
| #define BUILD_HOSTNAME "seven3"
| #define BUILD_CXX "g++ (GCC) 7.3.1 20180303 (Red Hat 7.3.1-5)"
| #define HAVE_CXX17 1
| #define HAVE_DIRENT_H 1
| #define STDC_HEADERS 1
| #define HAVE_SYS_WAIT_H 1
| #define HAVE_SYS_TYPES_H 1
| #define HAVE_SYS_STAT_H 1
| #define HAVE_STDLIB_H 1
| #define HAVE_STRING_H 1
| #define HAVE_MEMORY_H 1
| #define HAVE_STRINGS_H 1
| #define HAVE_INTTYPES_H 1
| #define HAVE_STDINT_H 1
| #define HAVE_UNISTD_H 1
| #define HAVE_ARPA_INET_H 1
| #define HAVE_FCNTL_H 1
| #define HAVE_LIMITS_H 1
| #define HAVE_NETDB_H 1
| #define HAVE_NETINET_IN_H 1
| #define HAVE_STDINT_H 1
| #define HAVE_STDLIB_H 1
| #define HAVE_STRING_H 1
| #define HAVE_STRINGS_H 1
| #define HAVE_SYS_SOCKET_H 1
| #define HAVE_SYS_TIME_H 1
| #define HAVE_SYS_TIMEB_H 1
| #define HAVE_SYSLOG_H 1
| #define HAVE_UNISTD_H 1
| #define HAVE_BOOST /**/
| #define HAVE_BOOST_ASIO /**/
| /* end confdefs.h.  */
| #include <stdio.h>
| #ifdef HAVE_SYS_TYPES_H
| # include <sys/types.h>
| #endif
| #ifdef HAVE_SYS_STAT_H
| # include <sys/stat.h>
| #endif
| #ifdef STDC_HEADERS
| # include <stdlib.h>
| # include <stddef.h>
| #else
| # ifdef HAVE_STDLIB_H
| #  include <stdlib.h>
| # endif
| #endif
| #ifdef HAVE_STRING_H
| # if !defined STDC_HEADERS && defined HAVE_MEMORY_H
| #  include <memory.h>
| # endif
| # include <string.h>
| #endif
| #ifdef HAVE_STRINGS_H
| # include <strings.h>
| #endif
| #ifdef HAVE_INTTYPES_H
| # include <inttypes.h>
| #endif
| #ifdef HAVE_STDINT_H
| # include <stdint.h>
| #endif
| #ifdef HAVE_UNISTD_H
| # include <unistd.h>
| #endif
| int
| main ()
| {
| if (sizeof ((_Bool)))
| 	    return 0;
|   ;
|   return 0;
| }
configure:8415: result: yes
configure:8432: checking for an ANSI C-conforming const
configure:8498: gcc -c -g -O2  conftest.c >&5
configure:8498: $? = 0
configure:8505: result: yes
configure:8513: checking for inline
configure:8529: gcc -c -g -O2  conftest.c >&5
configure:8529: $? = 0
configure:8537: result: inline
configure:8555: checking for int32_t
configure:8555: gcc -c -g -O2  conftest.c >&5
configure:8555: $? = 0
configure:8555: gcc -c -g -O2  conftest.c >&5
conftest.c: In function 'main':
conftest.c:83:53: warning: integer overflow in expression [-Woverflow]
    < (int32_t) (((((int32_t) 1 << N) << N) - 1) * 2 + 2))];
                                                     ^
conftest.c:82:12: error: storage size of 'test_array' isn't constant
 static int test_array [1 - 2 * !((int32_t) (((((int32_t) 1 << N) << N) - 1) * 2 + 1)
            ^~~~~~~~~~
configure:8555: $? = 1
configure: failed program was:
| /* confdefs.h */
| #define PACKAGE_NAME "MK Livestatus"
| #define PACKAGE_TARNAME "mk-livestatus"
| #define PACKAGE_VERSION "1.5.0p23"
| #define PACKAGE_STRING "MK Livestatus 1.5.0p23"
| #define PACKAGE_BUGREPORT "mk@mathias-kettner.de"
| #define PACKAGE_URL ""
| #define PACKAGE "mk-livestatus"
| #define VERSION "1.5.0p23"
| #define BUILD_DATE "Wed, 17 Apr 2024 20:54:36 +0200"
| #define BUILD_HOSTNAME "seven3"
| #define BUILD_CXX "g++ (GCC) 7.3.1 20180303 (Red Hat 7.3.1-5)"
| #define HAVE_CXX17 1
| #define HAVE_DIRENT_H 1
| #define STDC_HEADERS 1
| #define HAVE_SYS_WAIT_H 1
| #define HAVE_SYS_TYPES_H 1
| #define HAVE_SYS_STAT_H 1
| #define HAVE_STDLIB_H 1
| #define HAVE_STRING_H 1
| #define HAVE_MEMORY_H 1
| #define HAVE_STRINGS_H 1
| #define HAVE_INTTYPES_H 1
| #define HAVE_STDINT_H 1
| #define HAVE_UNISTD_H 1
| #define HAVE_ARPA_INET_H 1
| #define HAVE_FCNTL_H 1
| #define HAVE_LIMITS_H 1
| #define HAVE_NETDB_H 1
| #define HAVE_NETINET_IN_H 1
| #define HAVE_STDINT_H 1
| #define HAVE_STDLIB_H 1
| #define HAVE_STRING_H 1
| #define HAVE_STRINGS_H 1
| #define HAVE_SYS_SOCKET_H 1
| #define HAVE_SYS_TIME_H 1
| #define HAVE_SYS_TIMEB_H 1
| #define HAVE_SYSLOG_H 1
| #define HAVE_UNISTD_H 1
| #define HAVE_BOOST /**/
| #define HAVE_BOOST_ASIO /**/
| #define HAVE__BOOL 1
| #define HAVE_STDBOOL_H 1
| /* end confdefs.h.  */
| #include <stdio.h>
| #ifdef HAVE_SYS_TYPES_H
| # include <sys/types.h>
| #endif
| #ifdef HAVE_SYS_STAT_H
| # include <sys/stat.h>
| #endif
| #ifdef STDC_HEADERS
| # include <stdlib.h>
| # include <stddef.h>
| #else
| # ifdef HAVE_STDLIB_H
| #  include <stdlib.h>
| # endif
| #endif
| #ifdef HAVE_STRING_H
| # if !defined STDC_HEADERS && defined HAVE_MEMORY_H
| #  include <memory.h>
| # endif
| # include <string.h>
| #endif
| #ifdef HAVE_STRINGS_H
| # include <strings.h>
| #endif
| #ifdef HAVE_INTTYPES_H
| # include <inttypes.h>
| #endif
| #ifdef HAVE_STDINT_H
| # include <stdint.h>
| #endif
| #ifdef HAVE_UNISTD_H
| # include <unistd.h>
| #endif
| 	        enum { N = 32 / 2 - 1 };
| int
| main ()
| {
| static int test_array [1 - 2 * !((int32_t) (((((int32_t) 1 << N) << N) - 1) * 2 + 1)
| 		 < (int32_t) (((((int32_t) 1 << N) << N) - 1) * 2 + 2))];
| test_array [0] = 0;
| return test_array [0];
| 
|   ;
|   return 0;
| }
configure:8555: result: yes
configure:8566: checking for int64_t
configure:8566: gcc -c -g -O2  conftest.c >&5
configure:8566: $? = 0
configure:8566: gcc -c -g -O2  conftest.c >&5
conftest.c: In function 'main':
conftest.c:83:53: warning: integer overflow in expression [-Woverflow]
    < (int64_t) (((((int64_t) 1 << N) << N) - 1) * 2 + 2))];
                                                     ^
conftest.c:82:12: error: storage size of 'test_array' isn't constant
 static int test_array [1 - 2 * !((int64_t) (((((int64_t) 1 << N) << N) - 1) * 2 + 1)
            ^~~~~~~~~~
configure:8566: $? = 1
configure: failed program was:
| /* confdefs.h */
| #define PACKAGE_NAME "MK Livestatus"
| #define PACKAGE_TARNAME "mk-livestatus"
| #define PACKAGE_VERSION "1.5.0p23"
| #define PACKAGE_STRING "MK Livestatus 1.5.0p23"
| #define PACKAGE_BUGREPORT "mk@mathias-kettner.de"
| #define PACKAGE_URL ""
| #define PACKAGE "mk-livestatus"
| #define VERSION "1.5.0p23"
| #define BUILD_DATE "Wed, 17 Apr 2024 20:54:36 +0200"
| #define BUILD_HOSTNAME "seven3"
| #define BUILD_CXX "g++ (GCC) 7.3.1 20180303 (Red Hat 7.3.1-5)"
| #define HAVE_CXX17 1
| #define HAVE_DIRENT_H 1
| #define STDC_HEADERS 1
| #define HAVE_SYS_WAIT_H 1
| #define HAVE_SYS_TYPES_H 1
| #define HAVE_SYS_STAT_H 1
| #define HAVE_STDLIB_H 1
| #define HAVE_STRING_H 1
| #define HAVE_MEMORY_H 1
| #define HAVE_STRINGS_H 1
| #define HAVE_INTTYPES_H 1
| #define HAVE_STDINT_H 1
| #define HAVE_UNISTD_H 1
| #define HAVE_ARPA_INET_H 1
| #define HAVE_FCNTL_H 1
| #define HAVE_LIMITS_H 1
| #define HAVE_NETDB_H 1
| #define HAVE_NETINET_IN_H 1
| #define HAVE_STDINT_H 1
| #define HAVE_STDLIB_H 1
| #define HAVE_STRING_H 1
| #define HAVE_STRINGS_H 1
| #define HAVE_SYS_SOCKET_H 1
| #define HAVE_SYS_TIME_H 1
| #define HAVE_SYS_TIMEB_H 1
| #define HAVE_SYSLOG_H 1
| #define HAVE_UNISTD_H 1
| #define HAVE_BOOST /**/
| #define HAVE_BOOST_ASIO /**/
| #define HAVE__BOOL 1
| #define HAVE_STDBOOL_H 1
| /* end confdefs.h.  */
| #include <stdio.h>
| #ifdef HAVE_SYS_TYPES_H
| # include <sys/types.h>
| #endif
| #ifdef HAVE_SYS_STAT_H
| # include <sys/stat.h>
| #endif
| #ifdef STDC_HEADERS
| # include <stdlib.h>
| # include <stddef.h>
| #else
| # ifdef HAVE_STDLIB_H
| #  include <stdlib.h>
| # endif
| #endif
| #ifdef HAVE_STRING_H
| # if !defined STDC_HEADERS && defined HAVE_MEMORY_H
| #  include <memory.h>
| # endif
| # include <string.h>
| #endif
| #ifdef HAVE_STRINGS_H
| # include <strings.h>
| #endif
| #ifdef HAVE_INTTYPES_H
| # include <inttypes.h>
| #endif
| #ifdef HAVE_STDINT_H
| # include <stdint.h>
| #endif
| #ifdef HAVE_UNISTD_H
| # include <unistd.h>
| #endif
| 	        enum { N = 64 / 2 - 1 };
| int
| main ()
| {
| static int test_array [1 - 2 * !((int64_t) (((((int64_t) 1 << N) << N) - 1) * 2 + 1)
| 		 < (int64_t) (((((int64_t) 1 << N) << N) - 1) * 2 + 2))];
| test_array [0] = 0;
| return test_array [0];
| 
|   ;
|   return 0;
| }
configure:8566: result: yes
configure:8577: checking for size_t
configure:8577: gcc -c -g -O2  conftest.c >&5
configure:8577: $? = 0
configure:8577: gcc -c -g -O2  conftest.c >&5
conftest.c: In function 'main':
conftest.c:81:21: error: expected expression before ')' token
 if (sizeof ((size_t)))
                     ^
configure:8577: $? = 1
configure: failed program was:
| /* confdefs.h */
| #define PACKAGE_NAME "MK Livestatus"
| #define PACKAGE_TARNAME "mk-livestatus"
| #define PACKAGE_VERSION "1.5.0p23"
| #define PACKAGE_STRING "MK Livestatus 1.5.0p23"
| #define PACKAGE_BUGREPORT "mk@mathias-kettner.de"
| #define PACKAGE_URL ""
| #define PACKAGE "mk-livestatus"
| #define VERSION "1.5.0p23"
| #define BUILD_DATE "Wed, 17 Apr 2024 20:54:36 +0200"
| #define BUILD_HOSTNAME "seven3"
| #define BUILD_CXX "g++ (GCC) 7.3.1 20180303 (Red Hat 7.3.1-5)"
| #define HAVE_CXX17 1
| #define HAVE_DIRENT_H 1
| #define STDC_HEADERS 1
| #define HAVE_SYS_WAIT_H 1
| #define HAVE_SYS_TYPES_H 1
| #define HAVE_SYS_STAT_H 1
| #define HAVE_STDLIB_H 1
| #define HAVE_STRING_H 1
| #define HAVE_MEMORY_H 1
| #define HAVE_STRINGS_H 1
| #define HAVE_INTTYPES_H 1
| #define HAVE_STDINT_H 1
| #define HAVE_UNISTD_H 1
| #define HAVE_ARPA_INET_H 1
| #define HAVE_FCNTL_H 1
| #define HAVE_LIMITS_H 1
| #define HAVE_NETDB_H 1
| #define HAVE_NETINET_IN_H 1
| #define HAVE_STDINT_H 1
| #define HAVE_STDLIB_H 1
| #define HAVE_STRING_H 1
| #define HAVE_STRINGS_H 1
| #define HAVE_SYS_SOCKET_H 1
| #define HAVE_SYS_TIME_H 1
| #define HAVE_SYS_TIMEB_H 1
| #define HAVE_SYSLOG_H 1
| #define HAVE_UNISTD_H 1
| #define HAVE_BOOST /**/
| #define HAVE_BOOST_ASIO /**/
| #define HAVE__BOOL 1
| #define HAVE_STDBOOL_H 1
| /* end confdefs.h.  */
| #include <stdio.h>
| #ifdef HAVE_SYS_TYPES_H
| # include <sys/types.h>
| #endif
| #ifdef HAVE_SYS_STAT_H
| # include <sys/stat.h>
| #endif
| #ifdef STDC_HEADERS
| # include <stdlib.h>
| # include <stddef.h>
| #else
| # ifdef HAVE_STDLIB_H
| #  include <stdlib.h>
| # endif
| #endif
| #ifdef HAVE_STRING_H
| # if !defined STDC_HEADERS && defined HAVE_MEMORY_H
| #  include <memory.h>
| # endif
| # include <string.h>
| #endif
| #ifdef HAVE_STRINGS_H
| # include <strings.h>
| #endif
| #ifdef HAVE_INTTYPES_H
| # include <inttypes.h>
| #endif
| #ifdef HAVE_STDINT_H
| # include <stdint.h>
| #endif
| #ifdef HAVE_UNISTD_H
| # include <unistd.h>
| #endif
| int
| main ()
| {
| if (sizeof ((size_t)))
| 	    return 0;
|   ;
|   return 0;
| }
configure:8577: result: yes
configure:8588: checking for ssize_t
configure:8588: gcc -c -g -O2  conftest.c >&5
configure:8588: $? = 0
configure:8588: gcc -c -g -O2  conftest.c >&5
conftest.c: In function 'main':
conftest.c:81:22: error: expected expression before ')' token
 if (sizeof ((ssize_t)))
                      ^
configure:8588: $? = 1
configure: failed program was:
| /* confdefs.h */
| #define PACKAGE_NAME "MK Livestatus"
| #define PACKAGE_TARNAME "mk-livestatus"
| #define PACKAGE_VERSION "1.5.0p23"
| #define PACKAGE_STRING "MK Livestatus 1.5.0p23"
| #define PACKAGE_BUGREPORT "mk@mathias-kettner.de"
| #define PACKAGE_URL ""
| #define PACKAGE "mk-livestatus"
| #define VERSION "1.5.0p23"
| #define BUILD_DATE "Wed, 17 Apr 2024 20:54:36 +0200"
| #define BUILD_HOSTNAME "seven3"
| #define BUILD_CXX "g++ (GCC) 7.3.1 20180303 (Red Hat 7.3.1-5)"
| #define HAVE_CXX17 1
| #define HAVE_DIRENT_H 1
| #define STDC_HEADERS 1
| #define HAVE_SYS_WAIT_H 1
| #define HAVE_SYS_TYPES_H 1
| #define HAVE_SYS_STAT_H 1
| #define HAVE_STDLIB_H 1
| #define HAVE_STRING_H 1
| #define HAVE_MEMORY_H 1
| #define HAVE_STRINGS_H 1
| #define HAVE_INTTYPES_H 1
| #define HAVE_STDINT_H 1
| #define HAVE_UNISTD_H 1
| #define HAVE_ARPA_INET_H 1
| #define HAVE_FCNTL_H 1
| #define HAVE_LIMITS_H 1
| #define HAVE_NETDB_H 1
| #define HAVE_NETINET_IN_H 1
| #define HAVE_STDINT_H 1
| #define HAVE_STDLIB_H 1
| #define HAVE_STRING_H 1
| #define HAVE_STRINGS_H 1
| #define HAVE_SYS_SOCKET_H 1
| #define HAVE_SYS_TIME_H 1
| #define HAVE_SYS_TIMEB_H 1
| #define HAVE_SYSLOG_H 1
| #define HAVE_UNISTD_H 1
| #define HAVE_BOOST /**/
| #define HAVE_BOOST_ASIO /**/
| #define HAVE__BOOL 1
| #define HAVE_STDBOOL_H 1
| /* end confdefs.h.  */
| #include <stdio.h>
| #ifdef HAVE_SYS_TYPES_H
| # include <sys/types.h>
| #endif
| #ifdef HAVE_SYS_STAT_H
| # include <sys/stat.h>
| #endif
| #ifdef STDC_HEADERS
| # include <stdlib.h>
| # include <stddef.h>
| #else
| # ifdef HAVE_STDLIB_H
| #  include <stdlib.h>
| # endif
| #endif
| #ifdef HAVE_STRING_H
| # if !defined STDC_HEADERS && defined HAVE_MEMORY_H
| #  include <memory.h>
| # endif
| # include <string.h>
| #endif
| #ifdef HAVE_STRINGS_H
| # include <strings.h>
| #endif
| #ifdef HAVE_INTTYPES_H
| # include <inttypes.h>
| #endif
| #ifdef HAVE_STDINT_H
| # include <stdint.h>
| #endif
| #ifdef HAVE_UNISTD_H
| # include <unistd.h>
| #endif
| int
| main ()
| {
| if (sizeof ((ssize_t)))
| 	    return 0;
|   ;
|   return 0;
| }
configure:8588: result: yes
configure:8599: checking whether time.h and sys/time.h may both be included
configure:8619: gcc -c -g -O2  conftest.c >&5
configure:8619: $? = 0
configure:8626: result: yes
configure:8634: checking for uint32_t
configure:8634: gcc -c -g -O2  conftest.c >&5
configure:8634: $? = 0
configure:8634: result: yes
configure:8648: checking for uint64_t
configure:8648: gcc -c -g -O2  conftest.c >&5
configure:8648: $? = 0
configure:8648: result: yes
configure:8667: checking sys/select.h usability
configure:8667: gcc -c -g -O2  conftest.c >&5
configure:8667: $? = 0
configure:8667: result: yes
configure:8667: checking sys/select.h presence
configure:8667: gcc -E  conftest.c
configure:8667: $? = 0
configure:8667: result: yes
configure:8667: checking for sys/select.h
configure:8667: result: yes
configure:8667: checking for sys/socket.h
configure:8667: result: yes
configure:8677: checking types of arguments for select
configure:8705: gcc -c -g -O2  conftest.c >&5
configure:8705: $? = 0
configure:8716: result: int,fd_set *,struct timeval *
configure:8739: checking return type of signal handlers
configure:8757: gcc -c -g -O2  conftest.c >&5
conftest.c: In function 'main':
conftest.c:57:10: error: void value not ignored as it ought to be
 return *(signal (0, 0)) (0) == 1;
         ~^~~~~~~~~~~~~~~~~~
configure:8757: $? = 1
configure: failed program was:
| /* confdefs.h */
| #define PACKAGE_NAME "MK Livestatus"
| #define PACKAGE_TARNAME "mk-livestatus"
| #define PACKAGE_VERSION "1.5.0p23"
| #define PACKAGE_STRING "MK Livestatus 1.5.0p23"
| #define PACKAGE_BUGREPORT "mk@mathias-kettner.de"
| #define PACKAGE_URL ""
| #define PACKAGE "mk-livestatus"
| #define VERSION "1.5.0p23"
| #define BUILD_DATE "Wed, 17 Apr 2024 20:54:36 +0200"
| #define BUILD_HOSTNAME "seven3"
| #define BUILD_CXX "g++ (GCC) 7.3.1 20180303 (Red Hat 7.3.1-5)"
| #define HAVE_CXX17 1
| #define HAVE_DIRENT_H 1
| #define STDC_HEADERS 1
| #define HAVE_SYS_WAIT_H 1
| #define HAVE_SYS_TYPES_H 1
| #define HAVE_SYS_STAT_H 1
| #define HAVE_STDLIB_H 1
| #define HAVE_STRING_H 1
| #define HAVE_MEMORY_H 1
| #define HAVE_STRINGS_H 1
| #define HAVE_INTTYPES_H 1
| #define HAVE_STDINT_H 1
| #define HAVE_UNISTD_H 1
| #define HAVE_ARPA_INET_H 1
| #define HAVE_FCNTL_H 1
| #define HAVE_LIMITS_H 1
| #define HAVE_NETDB_H 1
| #define HAVE_NETINET_IN_H 1
| #define HAVE_STDINT_H 1
| #define HAVE_STDLIB_H 1
| #define HAVE_STRING_H 1
| #define HAVE_STRINGS_H 1
| #define HAVE_SYS_SOCKET_H 1
| #define HAVE_SYS_TIME_H 1
| #define HAVE_SYS_TIMEB_H 1
| #define HAVE_SYSLOG_H 1
| #define HAVE_UNISTD_H 1
| #define HAVE_BOOST /**/
| #define HAVE_BOOST_ASIO /**/
| #define HAVE__BOOL 1
| #define HAVE_STDBOOL_H 1
| #define TIME_WITH_SYS_TIME 1
| #define HAVE_SYS_SELECT_H 1
| #define HAVE_SYS_SOCKET_H 1
| #define SELECT_TYPE_ARG1 int
| #define SELECT_TYPE_ARG234 (fd_set *)
| #define SELECT_TYPE_ARG5 (struct timeval *)
| /* end confdefs.h.  */
| #include <sys/types.h>
| #include <signal.h>
| 
| int
| main ()
| {
| return *(signal (0, 0)) (0) == 1;
|   ;
|   return 0;
| }
configure:8764: result: void
configure:8772: checking whether lstat correctly handles trailing slash
configure:8798: gcc -o conftest -g -O2   conftest.c  >&5
configure:8798: $? = 0
configure:8798: ./conftest
configure:8798: $? = 0
configure:8815: result: yes
configure:8834: checking whether stat accepts an empty string
configure:8854: gcc -o conftest -g -O2   conftest.c  >&5
configure:8854: $? = 0
configure:8854: ./conftest
configure:8854: $? = 0
configure:8864: result: no
configure:8883: checking for accept4
configure:8883: gcc -o conftest -g -O2   conftest.c  >&5
configure:8883: $? = 0
configure:8883: result: yes
configure:8883: checking for memmove
configure:8883: gcc -o conftest -g -O2   conftest.c  >&5
conftest.c:77:6: warning: conflicting types for built-in function 'memmove' [-Wbuiltin-declaration-mismatch]
 char memmove ();
      ^~~~~~~
configure:8883: $? = 0
configure:8883: result: yes
configure:8883: checking for select
configure:8883: gcc -o conftest -g -O2   conftest.c  >&5
configure:8883: $? = 0
configure:8883: result: yes
configure:8883: checking for socket
configure:8883: gcc -o conftest -g -O2   conftest.c  >&5
configure:8883: $? = 0
configure:8883: result: yes
configure:8883: checking for strerror
configure:8883: gcc -o conftest -g -O2   conftest.c  >&5
configure:8883: $? = 0
configure:8883: result: yes
configure:8883: checking for strtoul
configure:8883: gcc -o conftest -g -O2   conftest.c  >&5
configure:8883: $? = 0
configure:8883: result: yes
configure:9053: checking that generated files are newer than configure
configure:9059: result: done
configure:9086: creating ./config.status

## ---------------------- ##
## Running config.status. ##
## ---------------------- ##

This file was extended by MK Livestatus config.status 1.5.0p23, which was
generated by GNU Autoconf 2.69.  Invocation command line was

  CONFIG_FILES    = 
  CONFIG_HEADERS  = 
  CONFIG_LINKS    = 
  CONFIG_COMMANDS = 
  $ ./config.status 

on seven3

config.status:921: creating Makefile
config.status:921: creating src/Makefile
config.status:921: creating config.h
config.status:1150: executing depfiles commands
config.status:1227: cd src       && sed -e '/# am--include-marker/d' Makefile         | make -f - am--depfiles
config.status:1232: $? = 0

## ---------------- ##
## Cache variables. ##
## ---------------- ##

ac_cv_build=x86_64-pc-linux-gnu
ac_cv_c_compiler_gnu=yes
ac_cv_c_const=yes
ac_cv_c_inline=inline
ac_cv_c_int32_t=yes
ac_cv_c_int64_t=yes
ac_cv_c_uint32_t=yes
ac_cv_c_uint64_t=yes
ac_cv_cxx_compiler_gnu=yes
ac_cv_env_CCC_set=
ac_cv_env_CCC_value=
ac_cv_env_CC_set=
ac_cv_env_CC_value=
ac_cv_env_CFLAGS_set=
ac_cv_env_CFLAGS_value=
ac_cv_env_CPPFLAGS_set=
ac_cv_env_CPPFLAGS_value=
ac_cv_env_CPP_set=
ac_cv_env_CPP_value=
ac_cv_env_CXXCPP_set=
ac_cv_env_CXXCPP_value=
ac_cv_env_CXXFLAGS_set=
ac_cv_env_CXXFLAGS_value=
ac_cv_env_CXX_set=
ac_cv_env_CXX_value=
ac_cv_env_LDFLAGS_set=
ac_cv_env_LDFLAGS_value=
ac_cv_env_LIBS_set=
ac_cv_env_LIBS_value=
ac_cv_env_build_alias_set=
ac_cv_env_build_alias_value=
ac_cv_env_host_alias_set=
ac_cv_env_host_alias_value=
ac_cv_env_target_alias_set=
ac_cv_env_target_alias_value=
ac_cv_func_accept4=yes
ac_cv_func_lstat_dereferences_slashed_symlink=yes
ac_cv_func_memmove=yes
ac_cv_func_select=yes
ac_cv_func_select_args='int,fd_set *,struct timeval *'
ac_cv_func_socket=yes
ac_cv_func_stat_empty_string_bug=no
ac_cv_func_strerror=yes
ac_cv_func_strtoul=yes
ac_cv_header_arpa_inet_h=yes
ac_cv_header_dirent_dirent_h=yes
ac_cv_header_fcntl_h=yes
ac_cv_header_inttypes_h=yes
ac_cv_header_limits_h=yes
ac_cv_header_memory_h=yes
ac_cv_header_netdb_h=yes
ac_cv_header_netinet_in_h=yes
ac_cv_header_stdbool_h=yes
ac_cv_header_stdc=yes
ac_cv_header_stdint_h=yes
ac_cv_header_stdlib_h=yes
ac_cv_header_string_h=yes
ac_cv_header_strings_h=yes
ac_cv_header_sys_select_h=yes
ac_cv_header_sys_socket_h=yes
ac_cv_header_sys_stat_h=yes
ac_cv_header_sys_time_h=yes
ac_cv_header_sys_timeb_h=yes
ac_cv_header_sys_types_h=yes
ac_cv_header_sys_wait_h=yes
ac_cv_header_syslog_h=yes
ac_cv_header_time=yes
ac_cv_header_unistd_h=yes
ac_cv_host=x86_64-pc-linux-gnu
ac_cv_lib_boost_system_mt___main=yes
ac_cv_lib_socket_connect=no
ac_cv_lib_socket_shutdown=no
ac_cv_lib_socket_socket=no
ac_cv_objext=o
ac_cv_path_EGREP='/usr/bin/grep -E'
ac_cv_path_GREP=/usr/bin/grep
ac_cv_path_install='/usr/bin/install -c'
ac_cv_path_mkdir=/usr/bin/mkdir
ac_cv_prog_AWK=gawk
ac_cv_prog_CPP='gcc -E'
ac_cv_prog_CXXCPP='g++ -std=c++17 -E'
ac_cv_prog_ac_ct_AR=ar
ac_cv_prog_ac_ct_CC=gcc
ac_cv_prog_ac_ct_CXX=g++
ac_cv_prog_ac_ct_RANLIB=ranlib
ac_cv_prog_cc_c89=
ac_cv_prog_cc_c99=
ac_cv_prog_cc_g=yes
ac_cv_prog_cxx_g=yes
ac_cv_prog_make_make_set=yes
ac_cv_search_opendir='none required'
ac_cv_search_rrd_xport=-lrrd
ac_cv_type__Bool=yes
ac_cv_type_signal=void
ac_cv_type_size_t=yes
ac_cv_type_ssize_t=yes
am_cv_CC_dependencies_compiler_type=gcc3
am_cv_CXX_dependencies_compiler_type=gcc3
am_cv_ar_interface=ar
am_cv_make_support_nested_variables=yes
am_cv_prog_cc_c_o=yes
ax_cv_boost_asio=yes
ax_cv_cxx_compile_cxx17=no
ax_cv_cxx_compile_cxx17__std_cpp17=yes

## ----------------- ##
## Output variables. ##
## ----------------- ##

ACLOCAL='${SHELL} '\''/root/test/liam/missing'\'' aclocal-1.16'
AMDEPBACKSLASH='\'
AMDEP_FALSE='#'
AMDEP_TRUE=''
AMTAR='$${TAR-tar}'
AM_BACKSLASH='\'
AM_DEFAULT_V='$(AM_DEFAULT_VERBOSITY)'
AM_DEFAULT_VERBOSITY='1'
AM_V='$(V)'
AR='ar'
AUTOCONF='${SHELL} '\''/root/test/liam/missing'\'' autoconf'
AUTOHEADER='${SHELL} '\''/root/test/liam/missing'\'' autoheader'
AUTOMAKE='${SHELL} '\''/root/test/liam/missing'\'' automake-1.16'
AWK='gawk'
BOOST_ASIO_LIB='-lboost_system-mt'
BOOST_CPPFLAGS='-I/usr/include'
BOOST_LDFLAGS='-L/usr/lib64'
CC='gcc'
CCDEPMODE='depmode=gcc3'
CFLAGS='-g -O2'
CPP='gcc -E'
CPPFLAGS='-g -O2 -DNAGIOS4'
CXX='g++ -std=c++17'
CXXCPP='g++ -std=c++17 -E'
CXXDEPMODE='depmode=gcc3'
CXXFLAGS='-g -O2'
CYGPATH_W='echo'
DEFS='-DHAVE_CONFIG_H'
DEPDIR='.deps'
ECHO_C=''
ECHO_N='-n'
ECHO_T=''
EGREP='/usr/bin/grep -E'
EXEEXT=''
GREP='/usr/bin/grep'
HAVE_CXX17='1'
INSTALL_DATA='${INSTALL} -m 644'
INSTALL_PROGRAM='${INSTALL}'
INSTALL_SCRIPT='${INSTALL}'
INSTALL_STRIP_PROGRAM='$(install_sh) -c -s'
LDFLAGS=''
LIBOBJS=''
LIBS=''
LTLIBOBJS=''
MAKEINFO='${SHELL} '\''/root/test/liam/missing'\'' makeinfo'
MKDIR_P='/usr/bin/mkdir -p'
OBJEXT='o'
PACKAGE='mk-livestatus'
PACKAGE_BUGREPORT='mk@mathias-kettner.de'
PACKAGE_NAME='MK Livestatus'
PACKAGE_STRING='MK Livestatus 1.5.0p23'
PACKAGE_TARNAME='mk-livestatus'
PACKAGE_URL=''
PACKAGE_VERSION='1.5.0p23'
PATH_SEPARATOR=':'
RANLIB='ranlib'
RE2_CPPFLAGS=''
RE2_LDFLAGS=''
RE2_LIBS=''
RRDLIB='-lrrd'
SET_MAKE=''
SHELL='/bin/sh'
STRIP=''
VERSION='1.5.0p23'
ac_ct_AR='ar'
ac_ct_CC='gcc'
ac_ct_CXX='g++'
am__EXEEXT_FALSE=''
am__EXEEXT_TRUE='#'
am__fastdepCC_FALSE='#'
am__fastdepCC_TRUE=''
am__fastdepCXX_FALSE='#'
am__fastdepCXX_TRUE=''
am__include='include'
am__isrc=''
am__leading_dot='.'
am__nodep='_no'
am__quote=''
am__tar='$${TAR-tar} chof - "$$tardir"'
am__untar='$${TAR-tar} xf -'
bindir='${exec_prefix}/bin'
build='x86_64-pc-linux-gnu'
build_alias=''
build_cpu='x86_64'
build_os='linux-gnu'
build_vendor='pc'
datadir='${datarootdir}'
datarootdir='${prefix}/share'
docdir='${datarootdir}/doc/${PACKAGE_TARNAME}'
dvidir='${docdir}'
exec_prefix='${prefix}'
host='x86_64-pc-linux-gnu'
host_alias=''
host_cpu='x86_64'
host_os='linux-gnu'
host_vendor='pc'
htmldir='${docdir}'
includedir='${prefix}/include'
infodir='${datarootdir}/info'
install_sh='${SHELL} /root/test/liam/install-sh'
libdir='${exec_prefix}/lib'
libexecdir='${exec_prefix}/libexec'
localedir='${datarootdir}/locale'
localstatedir='${prefix}/var'
mandir='${datarootdir}/man'
mkdir_p='$(MKDIR_P)'
nagios_headers='nagios4'
oldincludedir='/usr/include'
pdfdir='${docdir}'
prefix='/usr/local'
program_transform_name='s,x,x,'
psdir='${docdir}'
runstatedir='${localstatedir}/run'
sbindir='${exec_prefix}/sbin'
sharedstatedir='${prefix}/com'
sysconfdir='${prefix}/etc'
target_alias=''

## ----------- ##
## confdefs.h. ##
## ----------- ##

/* confdefs.h */
#define PACKAGE_NAME "MK Livestatus"
#define PACKAGE_TARNAME "mk-livestatus"
#define PACKAGE_VERSION "1.5.0p23"
#define PACKAGE_STRING "MK Livestatus 1.5.0p23"
#define PACKAGE_BUGREPORT "mk@mathias-kettner.de"
#define PACKAGE_URL ""
#define PACKAGE "mk-livestatus"
#define VERSION "1.5.0p23"
#define BUILD_DATE "Wed, 17 Apr 2024 20:54:36 +0200"
#define BUILD_HOSTNAME "seven3"
#define BUILD_CXX "g++ (GCC) 7.3.1 20180303 (Red Hat 7.3.1-5)"
#define HAVE_CXX17 1
#define HAVE_DIRENT_H 1
#define STDC_HEADERS 1
#define HAVE_SYS_WAIT_H 1
#define HAVE_SYS_TYPES_H 1
#define HAVE_SYS_STAT_H 1
#define HAVE_STDLIB_H 1
#define HAVE_STRING_H 1
#define HAVE_MEMORY_H 1
#define HAVE_STRINGS_H 1
#define HAVE_INTTYPES_H 1
#define HAVE_STDINT_H 1
#define HAVE_UNISTD_H 1
#define HAVE_ARPA_INET_H 1
#define HAVE_FCNTL_H 1
#define HAVE_LIMITS_H 1
#define HAVE_NETDB_H 1
#define HAVE_NETINET_IN_H 1
#define HAVE_STDINT_H 1
#define HAVE_STDLIB_H 1
#define HAVE_STRING_H 1
#define HAVE_STRINGS_H 1
#define HAVE_SYS_SOCKET_H 1
#define HAVE_SYS_TIME_H 1
#define HAVE_SYS_TIMEB_H 1
#define HAVE_SYSLOG_H 1
#define HAVE_UNISTD_H 1
#define HAVE_BOOST /**/
#define HAVE_BOOST_ASIO /**/
#define HAVE__BOOL 1
#define HAVE_STDBOOL_H 1
#define TIME_WITH_SYS_TIME 1
#define HAVE_SYS_SELECT_H 1
#define HAVE_SYS_SOCKET_H 1
#define SELECT_TYPE_ARG1 int
#define SELECT_TYPE_ARG234 (fd_set *)
#define SELECT_TYPE_ARG5 (struct timeval *)
#define RETSIGTYPE void
#define LSTAT_FOLLOWS_SLASHED_SYMLINK 1
#define HAVE_ACCEPT4 1
#define HAVE_MEMMOVE 1
#define HAVE_SELECT 1
#define HAVE_SOCKET 1
#define HAVE_STRERROR 1
#define HAVE_STRTOUL 1
#define _GLIBCXX_REGEX_STATE_LIMIT 2500
#define BOOST_SYSTEM_NO_DEPRECATED 1

configure: exit 0
